[INFO] Connecting to PocketBase at http://127.0.0.1:8090
[INFO] [CHECKOUT] Configuration loaded from environment variables
[INFO] [CHECKOUT] Frontend URL: http://localhost:3000
[INFO] [DHL-SERVICE] DHL Configuration loaded from environment variables
[INFO] [DHL-SERVICE] Token URL: https://api-eu.dhl.com/parcel/de/account/auth/ropc/v1/token
[INFO] [DHL-SERVICE] Shipping URL: https://api-eu.dhl.com/parcel/de/shipping/v2/orders
[INFO] [DHL-SERVICE] Warehouse: Patrick Tchoquessi, Angelika-machinek-Straße 12, 60486 Frankfurt, DE
[INFO] [MAIN] Registering Stripe webhook handler
[INFO] [MAIN] Registering auth middleware BEFORE routes
[INFO] [MAIN] Mounting routes
[INFO] [ROUTES] Registering /checkout routes
[INFO] [ROUTES] Registering /dhl-labels routes
[INFO] [ROUTES] Registering /tracking routes
[INFO] [ROUTES] Registering /favorites routes
[INFO] [ROUTES] Registering /admin routes
[INFO] [ROUTES] Registering /email routes
[INFO] [ROUTES] Registering /verification routes
[INFO] [ROUTES] Registering /orders routes
[INFO] [ROUTES] Registering /returns routes
[INFO] [ROUTES] Registering /search routes
[INFO] [ROUTES] Registering /settings routes
[INFO] [ROUTES] Registering /seller routes
[INFO] [ROUTES] Registering /learning routes
[INFO] [ROUTES] Registering /marketplace routes
[INFO] [ROUTES] Registering /shop routes
[INFO] [ROUTES] Registering /reviews routes
[INFO] [ROUTES] Stripe webhook is registered in main.js with express.raw() middleware
[INFO] [ROUTES] All routes registered successfully
[INFO] 🚀 API Server running on http://localhost:3012
[INFO] PocketBase client initialized successfully
[WARN] [AUTH] Unauthorized access attempt - no valid authentication
[ERROR] Unauthorized: Authentication required Error: Unauthorized: Authentication required
    at requireAuth (file:///C:/Users/rakib_2zl331p/project/patrick_t/apps/api/src/middleware/auth.js:86:19)
    at Layer.handleRequest (C:\Users\rakib_2zl331p\project\patrick_t\node_modules\router\lib\layer.js:152:17)
    at next (C:\Users\rakib_2zl331p\project\patrick_t\node_modules\router\lib\route.js:157:13)
    at Route.dispatch (C:\Users\rakib_2zl331p\project\patrick_t\node_modules\router\lib\route.js:117:3)
    at handle (C:\Users\rakib_2zl331p\project\patrick_t\node_modules\router\index.js:435:11)
    at Layer.handleRequest (C:\Users\rakib_2zl331p\project\patrick_t\node_modules\router\lib\layer.js:152:17)
    at C:\Users\rakib_2zl331p\project\patrick_t\node_modules\router\index.js:295:15
    at processParams (C:\Users\rakib_2zl331p\project\patrick_t\node_modules\router\index.js:582:12)
    at next (C:\Users\rakib_2zl331p\project\patrick_t\node_modules\router\index.js:291:5)
    at router.handle (C:\Users\rakib_2zl331p\project\patrick_t\node_modules\router\index.js:186:3)
::ffff:127.0.0.1 - - [14/May/2026:20:37:10 +0000] "GET /learning/search?query=high HTTP/1.1" 401 1251 "-" "Mozilla/5.0 (Windows NT; Windows NT 10.0; en-GB) WindowsPowerShell/5.1.26100.8457"
